Using pre-set license
Built from '2022.3/release' branch; Version is '2022.3.12f1 (4fe6e059c7ef) revision 5236448'; Using compiler version '192829333'; Build Type 'Release'
OS: 'Windows 11  (10.0.22631) 64bit Core' Language: 'en' Physical Memory: 32581 MB
BatchMode: 1, IsHumanControllingUs: 0, StartBugReporterOnCrash: 0, Is64bit: 1, IsPro: 1

COMMAND LINE ARGUMENTS:
C:\Program Files\Unity\Hub\Editor\2022.3.12f1\Editor\Unity.exe
-adb2
-batchMode
-noUpm
-name
AssetImportWorker2
-projectPath
C:/Users/james/OneDrive/Documents/Uni Work/FMPrestart/FMP
-logFile
Logs/AssetImportWorker2.log
-srvPort
58849
Successfully changed project path to: C:/Users/james/OneDrive/Documents/Uni Work/FMPrestart/FMP
C:/Users/james/OneDrive/Documents/Uni Work/FMPrestart/FMP
[UnityMemory] Configuration Parameters - Can be set up in boot.config
    "memorysetup-bucket-allocator-granularity=16"
    "memorysetup-bucket-allocator-bucket-count=8"
    "memorysetup-bucket-allocator-block-size=33554432"
    "memorysetup-bucket-allocator-block-count=8"
    "memorysetup-main-allocator-block-size=16777216"
    "memorysetup-thread-allocator-block-size=16777216"
    "memorysetup-gfx-main-allocator-block-size=16777216"
    "memorysetup-gfx-thread-allocator-block-size=16777216"
    "memorysetup-cache-allocator-block-size=4194304"
    "memorysetup-typetree-allocator-block-size=2097152"
    "memorysetup-profiler-bucket-allocator-granularity=16"
    "memorysetup-profiler-bucket-allocator-bucket-count=8"
    "memorysetup-profiler-bucket-allocator-block-size=33554432"
    "memorysetup-profiler-bucket-allocator-block-count=8"
    "memorysetup-profiler-allocator-block-size=16777216"
    "memorysetup-profiler-editor-allocator-block-size=1048576"
    "memorysetup-temp-allocator-size-main=16777216"
    "memorysetup-job-temp-allocator-block-size=2097152"
    "memorysetup-job-temp-allocator-block-size-background=1048576"
    "memorysetup-job-temp-allocator-reduction-small-platforms=262144"
    "memorysetup-allocator-temp-initial-block-size-main=262144"
    "memorysetup-allocator-temp-initial-block-size-worker=262144"
    "memorysetup-temp-allocator-size-background-worker=32768"
    "memorysetup-temp-allocator-size-job-worker=262144"
    "memorysetup-temp-allocator-size-preload-manager=33554432"
    "memorysetup-temp-allocator-size-nav-mesh-worker=65536"
    "memorysetup-temp-allocator-size-audio-worker=65536"
    "memorysetup-temp-allocator-size-cloud-worker=32768"
    "memorysetup-temp-allocator-size-gi-baking-worker=262144"
    "memorysetup-temp-allocator-size-gfx=262144"
Player connection [12932] Host "[IP] 192.168.1.182 [Port] 0 [Flags] 2 [Guid] 325095286 [EditorId] 325095286 [Version] 1048832 [Id] WindowsEditor(7,James_PC) [Debug] 1 [PackageName] WindowsEditor [ProjectName] Editor" joined multi-casting on [225.0.0.222:54997]...

Player connection [12932] Host "[IP] 192.168.1.182 [Port] 0 [Flags] 2 [Guid] 325095286 [EditorId] 325095286 [Version] 1048832 [Id] WindowsEditor(7,James_PC) [Debug] 1 [PackageName] WindowsEditor [ProjectName] Editor" joined alternative multi-casting on [225.0.0.222:34997]...

[Physics::Module] Initialized MultithreadedJobDispatcher with 19 workers.
Refreshing native plugins compatible for Editor in 5.50 ms, found 3 plugins.
Preloading 0 native plugins for Editor in 0.00 ms.
Initialize engine version: 2022.3.12f1 (4fe6e059c7ef)
[Subsystems] Discovering subsystems at path C:/Program Files/Unity/Hub/Editor/2022.3.12f1/Editor/Data/Resources/UnitySubsystems
[Subsystems] Discovering subsystems at path C:/Users/james/OneDrive/Documents/Uni Work/FMPrestart/FMP/Assets
GfxDevice: creating device client; threaded=0; jobified=0
Direct3D:
    Version:  Direct3D 11.0 [level 11.1]
    Renderer: NVIDIA GeForce RTX 4070 SUPER (ID=0x2783)
    Vendor:   NVIDIA
    VRAM:     11999 MB
    Driver:   31.0.15.5176
Initialize mono
Mono path[0] = 'C:/Program Files/Unity/Hub/Editor/2022.3.12f1/Editor/Data/Managed'
Mono path[1] = 'C:/Program Files/Unity/Hub/Editor/2022.3.12f1/Editor/Data/MonoBleedingEdge/lib/mono/unityjit-win32'
Mono config path = 'C:/Program Files/Unity/Hub/Editor/2022.3.12f1/Editor/Data/MonoBleedingEdge/etc'
Using monoOptions --debugger-agent=transport=dt_socket,embedding=1,server=y,suspend=n,address=127.0.0.1:56204
Begin MonoManager ReloadAssembly
Registering precompiled unity dll's ...
Register platform support module: C:/Program Files/Unity/Hub/Editor/2022.3.12f1/Editor/Data/PlaybackEngines/WindowsStandaloneSupport/UnityEditor.WindowsStandalone.Extensions.dll
Registered in 0.003340 seconds.
- Loaded All Assemblies, in  0.227 seconds
Native extension for WindowsStandalone target not found
Mono: successfully reloaded assembly
- Finished resetting the current domain, in  0.176 seconds
Domain Reload Profiling: 402ms
	BeginReloadAssembly (72ms)
		ExecutionOrderSort (0ms)
		DisableScriptedObjects (0ms)
		BackupInstance (0ms)
		ReleaseScriptingObjects (0ms)
		CreateAndSetChildDomain (1ms)
	RebuildCommonClasses (22ms)
	RebuildNativeTypeToScriptingClass (7ms)
	initialDomainReloadingComplete (36ms)
	LoadAllAssembliesAndSetupDomain (89ms)
		LoadAssemblies (70ms)
		RebuildTransferFunctionScriptingTraits (0ms)
		AnalyzeDomain (88ms)
			TypeCache.Refresh (87ms)
				TypeCache.ScanAssembly (78ms)
			ScanForSourceGeneratedMonoScriptInfo (0ms)
			ResolveRequiredComponents (0ms)
	FinalizeReload (176ms)
		ReleaseScriptCaches (0ms)
		RebuildScriptCaches (0ms)
		SetupLoadedEditorAssemblies (136ms)
			LogAssemblyErrors (0ms)
			InitializePlatformSupportModulesInManaged (6ms)
			SetLoadedEditorAssemblies (5ms)
			RefreshPlugins (0ms)
			BeforeProcessingInitializeOnLoad (2ms)
			ProcessInitializeOnLoadAttributes (88ms)
			ProcessInitializeOnLoadMethodAttributes (34ms)
			AfterProcessingInitializeOnLoad (0ms)
			EditorAssembliesLoaded (0ms)
		ExecutionOrderSort2 (0ms)
		AwakeInstancesAfterBackupRestoration (0ms)
========================================================================
Worker process is ready to serve import requests
Begin MonoManager ReloadAssembly
- Loaded All Assemblies, in  0.624 seconds
Refreshing native plugins compatible for Editor in 1.52 ms, found 3 plugins.
Native extension for WindowsStandalone target not found
Package Manager log level set to [2]
[Package Manager] Server::EnsureServerProcessIsRunning -- launch failed, reason: Unity was launched with the -noUpm command-line argument
[Package Manager] UpmClient::Send -- Unable to send message (not connected to UPM process).
[Package Manager] Cannot connect to Unity Package Manager local server
Mono: successfully reloaded assembly
- Finished resetting the current domain, in  0.412 seconds
Domain Reload Profiling: 1034ms
	BeginReloadAssembly (116ms)
		ExecutionOrderSort (0ms)
		DisableScriptedObjects (4ms)
		BackupInstance (0ms)
		ReleaseScriptingObjects (0ms)
		CreateAndSetChildDomain (14ms)
	RebuildCommonClasses (32ms)
	RebuildNativeTypeToScriptingClass (7ms)
	initialDomainReloadingComplete (29ms)
	LoadAllAssembliesAndSetupDomain (438ms)
		LoadAssemblies (294ms)
		RebuildTransferFunctionScriptingTraits (0ms)
		AnalyzeDomain (210ms)
			TypeCache.Refresh (192ms)
				TypeCache.ScanAssembly (177ms)
			ScanForSourceGeneratedMonoScriptInfo (15ms)
			ResolveRequiredComponents (3ms)
	FinalizeReload (412ms)
		ReleaseScriptCaches (0ms)
		RebuildScriptCaches (0ms)
		SetupLoadedEditorAssemblies (288ms)
			LogAssemblyErrors (0ms)
			InitializePlatformSupportModulesInManaged (4ms)
			SetLoadedEditorAssemblies (3ms)
			RefreshPlugins (0ms)
			BeforeProcessingInitializeOnLoad (40ms)
			ProcessInitializeOnLoadAttributes (221ms)
			ProcessInitializeOnLoadMethodAttributes (16ms)
			AfterProcessingInitializeOnLoad (3ms)
			EditorAssembliesLoaded (0ms)
		ExecutionOrderSort2 (0ms)
		AwakeInstancesAfterBackupRestoration (5ms)
Launched and connected shader compiler UnityShaderCompiler.exe after 0.05 seconds
Refreshing native plugins compatible for Editor in 3.18 ms, found 3 plugins.
Preloading 0 native plugins for Editor in 0.00 ms.
Unloading 3094 Unused Serialized files (Serialized files now loaded: 0)
Unloading 32 unused Assets / (57.1 KB). Loaded Objects now: 3573.
Memory consumption went from 131.2 MB to 131.2 MB.
Total: 2.634700 ms (FindLiveObjects: 0.159200 ms CreateObjectMapping: 0.073200 ms MarkObjects: 2.291900 ms  DeleteObjects: 0.108900 ms)

AssetImportParameters requested are different than current active one (requested -> active):
  custom:scripting/monoscript/fileName/GameBuffsInitializer.cs: 60ac0a251d024a0aa76a92007c7f7904 -> 54e40780b7a4f41e0eb0a3cf8307ff4a
  custom:container-demuxer-ogg: 62fdf1f143b41e24485cea50d1cbac27 -> 
  custom:video-codec-MediaFoundation-h265: 746d11721c4dcdbdad8f713fa42b33f4 -> 
  custom:video-decoder-ogg-theora: a1e56fd34408186e4bbccfd4996cb3dc -> 
  custom:framework-win-MediaFoundation: 216162199b28c13a410421893ffa2e32 -> 
  custom:CustomObjectIndexerAttribute: 756ad292c208cfabdd7b50bc23989ffe -> 
  custom:container-demuxer-webm: 4f35f7cbe854078d1ac9338744f61a02 -> 
  custom:container-muxer-webm: aa71ff27fc2769a1b78a27578f13a17b -> 
  custom:video-decoder-webm-vp8: 9c59270c3fd7afecdb556c50c9e8de78 -> 
  custom:SearchIndexIgnoredProperties: e643bd26f0fe6173181afceb89e7c659 -> 
  custom:AudioImporter_EditorPlatform: d09bf68614088b80899f8185d706f6e7 -> 
  custom:video-encoder-webm-vp8: eb34c28f22e8b96e1ab97ce403110664 -> 
  custom:audio-decoder-ogg-vorbis: bf7c407c2cedff20999df2af8eb42d56 -> 
  custom:scripting/monoscript/fileName/RotateCamera.cs: b4ebab61f19186bced7daca51960221b -> 98ccf3939531c531b9303e44cbedd54a
  custom:audio-encoder-webm-vorbis: bf7c407c2cedff20999df2af8eb42d56 -> 
========================================================================
Received Import Request.
  Time since last request: 72437.099442 seconds.
  path: Assets/Imported Assets/Game Buffs/Free Realistic Textures/Textures/Beach_Rocks_9/Beach_Rocks_9_Height.png
  artifactKey: Guid(8b35c6ed40697d94aa6855383c2533db) Importer(815301076,1909f56bfc062723c751e8b465ee728b)
Start importing Assets/Imported Assets/Game Buffs/Free Realistic Textures/Textures/Beach_Rocks_9/Beach_Rocks_9_Height.png using Guid(8b35c6ed40697d94aa6855383c2533db) Importer(815301076,1909f56bfc062723c751e8b465ee728b)  -> (artifact id: 'c46db472b02cb72eeb4c50296610d2f9') in 0.089949 seconds
Number of updated asset objects reloaded before import = 0
Number of asset objects unloaded after import = 2
========================================================================
Received Import Request.
  Time since last request: 0.000020 seconds.
  path: Assets/Imported Assets/Game Buffs/Free Realistic Textures/Textures/Beach_Rocks_9/Beach_Rocks_9_Mask.png
  artifactKey: Guid(12ba510705fbe874e9ceb8c901090672) Importer(815301076,1909f56bfc062723c751e8b465ee728b)
Start importing Assets/Imported Assets/Game Buffs/Free Realistic Textures/Textures/Beach_Rocks_9/Beach_Rocks_9_Mask.png using Guid(12ba510705fbe874e9ceb8c901090672) Importer(815301076,1909f56bfc062723c751e8b465ee728b)  -> (artifact id: '5037b2d15b14a20b7f42e822ac61a58b') in 0.050287 seconds
Number of updated asset objects reloaded before import = 0
Number of asset objects unloaded after import = 2
========================================================================
Received Import Request.
  Time since last request: 22.229943 seconds.
  path: Assets/Imported Assets/Game Buffs/Free Realistic Textures/Textures/Dry_Ground_10/Dry_Ground_10_Albedo.png
  artifactKey: Guid(7b707a07df668c04e9dc0d5ad4820c8e) Importer(815301076,1909f56bfc062723c751e8b465ee728b)
Start importing Assets/Imported Assets/Game Buffs/Free Realistic Textures/Textures/Dry_Ground_10/Dry_Ground_10_Albedo.png using Guid(7b707a07df668c04e9dc0d5ad4820c8e) Importer(815301076,1909f56bfc062723c751e8b465ee728b)  -> (artifact id: 'c9d0f4737d93709a1393781e9d8e557a') in 0.028411 seconds
Number of updated asset objects reloaded before import = 0
Number of asset objects unloaded after import = 2
========================================================================
Received Import Request.
  Time since last request: 58.860020 seconds.
  path: Assets/Imported Assets/Game Buffs/Free Realistic Textures/Textures/Cracked_Soil_16
  artifactKey: Guid(63fc40f1f490ee740b3b8c888b3ce6ec) Importer(815301076,1909f56bfc062723c751e8b465ee728b)
Start importing Assets/Imported Assets/Game Buffs/Free Realistic Textures/Textures/Cracked_Soil_16 using Guid(63fc40f1f490ee740b3b8c888b3ce6ec) Importer(815301076,1909f56bfc062723c751e8b465ee728b)  -> (artifact id: 'b6d624d0a5df4c4fe5b310d420b4c822') in 0.000461 seconds
Number of updated asset objects reloaded before import = 0
Number of asset objects unloaded after import = 0
========================================================================
Received Import Request.
  Time since last request: 9.836267 seconds.
  path: Assets/Imported Assets/Game Buffs/Free Realistic Textures/Textures/Beach_Rocks_9
  artifactKey: Guid(a0540d3412063f4429531688b57de8f3) Importer(815301076,1909f56bfc062723c751e8b465ee728b)
Start importing Assets/Imported Assets/Game Buffs/Free Realistic Textures/Textures/Beach_Rocks_9 using Guid(a0540d3412063f4429531688b57de8f3) Importer(815301076,1909f56bfc062723c751e8b465ee728b)  -> (artifact id: '033059eff598a5ac30f78e179310e2e5') in 0.000413 seconds
Number of updated asset objects reloaded before import = 0
Number of asset objects unloaded after import = 0
========================================================================
Received Import Request.
  Time since last request: 12.339973 seconds.
  path: Assets/Imported Assets/Game Buffs/Free Realistic Textures/Textures/Rocky_Sand_1/Rocky_Sand_1_Albedo.png
  artifactKey: Guid(26289056f0864a846b39392a324e113b) Importer(815301076,1909f56bfc062723c751e8b465ee728b)
Start importing Assets/Imported Assets/Game Buffs/Free Realistic Textures/Textures/Rocky_Sand_1/Rocky_Sand_1_Albedo.png using Guid(26289056f0864a846b39392a324e113b) Importer(815301076,1909f56bfc062723c751e8b465ee728b)  -> (artifact id: 'e542a6fff914cdd9896d705f98283ff8') in 0.022692 seconds
Number of updated asset objects reloaded before import = 0
Number of asset objects unloaded after import = 2
========================================================================
Received Import Request.
  Time since last request: 15.916335 seconds.
  path: Assets/Imported Assets/Game Buffs/Free Realistic Textures/Textures/Rough_Rock_1/Rough_Rock_1_Albedo.png
  artifactKey: Guid(94af863e41e2a91478fc9537cb846aa7) Importer(815301076,1909f56bfc062723c751e8b465ee728b)
Start importing Assets/Imported Assets/Game Buffs/Free Realistic Textures/Textures/Rough_Rock_1/Rough_Rock_1_Albedo.png using Guid(94af863e41e2a91478fc9537cb846aa7) Importer(815301076,1909f56bfc062723c751e8b465ee728b)  -> (artifact id: '468ea610dc74af42788b1de0233598f9') in 0.021731 seconds
Number of updated asset objects reloaded before import = 0
Number of asset objects unloaded after import = 2
========================================================================
Received Import Request.
  Time since last request: 2.514348 seconds.
  path: Assets/Imported Assets/Game Buffs/Free Realistic Textures/Textures/Snowy_Rock_21/Snowy_Rock_21_Albedo.png
  artifactKey: Guid(7971b29091875c540918f3188c5ee077) Importer(815301076,1909f56bfc062723c751e8b465ee728b)
Start importing Assets/Imported Assets/Game Buffs/Free Realistic Textures/Textures/Snowy_Rock_21/Snowy_Rock_21_Albedo.png using Guid(7971b29091875c540918f3188c5ee077) Importer(815301076,1909f56bfc062723c751e8b465ee728b)  -> (artifact id: 'ffa2ee650b33c1b9c392a96ef859b7fe') in 0.018029 seconds
Number of updated asset objects reloaded before import = 0
Number of asset objects unloaded after import = 2
========================================================================
Received Import Request.
  Time since last request: 7.943428 seconds.
  path: Assets/Imported Assets/Game Buffs/Free Realistic Textures/Textures/Beach_Sand_1/Beach_Sand_1_Roughness.png
  artifactKey: Guid(d643b03d13032d9409549044ae264bed) Importer(815301076,1909f56bfc062723c751e8b465ee728b)
Start importing Assets/Imported Assets/Game Buffs/Free Realistic Textures/Textures/Beach_Sand_1/Beach_Sand_1_Roughness.png using Guid(d643b03d13032d9409549044ae264bed) Importer(815301076,1909f56bfc062723c751e8b465ee728b)  -> (artifact id: '16a3df15106d59c2dcd2b30a05c07b30') in 0.019520 seconds
Number of updated asset objects reloaded before import = 0
Number of asset objects unloaded after import = 2
========================================================================
Received Import Request.
  Time since last request: 0.627873 seconds.
  path: Assets/Imported Assets/Game Buffs/Free Realistic Textures/Textures/Rocky_Grass_17/Rocky_Grass_17_Albedo.png
  artifactKey: Guid(783d1137de2d2b04abc7467f598ffea1) Importer(815301076,1909f56bfc062723c751e8b465ee728b)
Start importing Assets/Imported Assets/Game Buffs/Free Realistic Textures/Textures/Rocky_Grass_17/Rocky_Grass_17_Albedo.png using Guid(783d1137de2d2b04abc7467f598ffea1) Importer(815301076,1909f56bfc062723c751e8b465ee728b)  -> (artifact id: '3d543b8875b174880cd74ab013e63448') in 0.030394 seconds
Number of updated asset objects reloaded before import = 0
Number of asset objects unloaded after import = 2
========================================================================
Received Import Request.
  Time since last request: 0.261904 seconds.
  path: Assets/Imported Assets/Game Buffs/Free Realistic Textures/Textures/Rocky_Grass_17/Rocky_Grass_17_Height.png
  artifactKey: Guid(e42b2b2613792974396fb8995aac84b3) Importer(815301076,1909f56bfc062723c751e8b465ee728b)
Start importing Assets/Imported Assets/Game Buffs/Free Realistic Textures/Textures/Rocky_Grass_17/Rocky_Grass_17_Height.png using Guid(e42b2b2613792974396fb8995aac84b3) Importer(815301076,1909f56bfc062723c751e8b465ee728b)  -> (artifact id: 'a508539290f8309c51c497c349a526c6') in 0.043818 seconds
Number of updated asset objects reloaded before import = 0
Number of asset objects unloaded after import = 2
========================================================================
Received Import Request.
  Time since last request: 0.000016 seconds.
  path: Assets/Imported Assets/Game Buffs/Free Realistic Textures/Textures/Rocky_Grass_17/Rocky_Grass_17_Normal.png
  artifactKey: Guid(0587e81f79c0c4d4189d3a32c31d421c) Importer(815301076,1909f56bfc062723c751e8b465ee728b)
Start importing Assets/Imported Assets/Game Buffs/Free Realistic Textures/Textures/Rocky_Grass_17/Rocky_Grass_17_Normal.png using Guid(0587e81f79c0c4d4189d3a32c31d421c) Importer(815301076,1909f56bfc062723c751e8b465ee728b)  -> (artifact id: 'e1603c3ea26e420ed4bcf662a12ee7d5') in 0.051593 seconds
Number of updated asset objects reloaded before import = 0
Number of asset objects unloaded after import = 2
========================================================================
Received Import Request.
  Time since last request: 1.752669 seconds.
  path: Assets/Imported Assets/Game Buffs/Free Realistic Textures/Textures/Rocky_Sand_1/Rocky_Sand_1_AO.png
  artifactKey: Guid(0168ace2bc62f094780c8c0e9cd22179) Importer(815301076,1909f56bfc062723c751e8b465ee728b)
Start importing Assets/Imported Assets/Game Buffs/Free Realistic Textures/Textures/Rocky_Sand_1/Rocky_Sand_1_AO.png using Guid(0168ace2bc62f094780c8c0e9cd22179) Importer(815301076,1909f56bfc062723c751e8b465ee728b)  -> (artifact id: 'e46888767555908f5699116f6a5616fc') in 0.021729 seconds
Number of updated asset objects reloaded before import = 0
Number of asset objects unloaded after import = 2
========================================================================
Received Import Request.
  Time since last request: 0.000012 seconds.
  path: Assets/Imported Assets/Game Buffs/Free Realistic Textures/Textures/Rocky_Sand_1/Rocky_Sand_1_Roughness.png
  artifactKey: Guid(161d52a3019fdf4429868edde324808b) Importer(815301076,1909f56bfc062723c751e8b465ee728b)
Start importing Assets/Imported Assets/Game Buffs/Free Realistic Textures/Textures/Rocky_Sand_1/Rocky_Sand_1_Roughness.png using Guid(161d52a3019fdf4429868edde324808b) Importer(815301076,1909f56bfc062723c751e8b465ee728b)  -> (artifact id: '662a409a014e4b730fcc1efc42d9cd4f') in 0.018431 seconds
Number of updated asset objects reloaded before import = 0
Number of asset objects unloaded after import = 2
========================================================================
Received Import Request.
  Time since last request: 0.000023 seconds.
  path: Assets/Imported Assets/Game Buffs/Free Realistic Textures/Textures/Rocky_Sand_1/Rocky_Sand_1_Normal.png
  artifactKey: Guid(d18d0d01302a09348b4d82dff95612d4) Importer(815301076,1909f56bfc062723c751e8b465ee728b)
Start importing Assets/Imported Assets/Game Buffs/Free Realistic Textures/Textures/Rocky_Sand_1/Rocky_Sand_1_Normal.png using Guid(d18d0d01302a09348b4d82dff95612d4) Importer(815301076,1909f56bfc062723c751e8b465ee728b)  -> (artifact id: '6b791ccbcdb398d2ebefcc8a38764b46') in 0.025406 seconds
Number of updated asset objects reloaded before import = 0
Number of asset objects unloaded after import = 2
========================================================================
Received Prepare
Begin MonoManager ReloadAssembly
- Loaded All Assemblies, in  0.430 seconds
Refreshing native plugins compatible for Editor in 1.69 ms, found 3 plugins.
Native extension for WindowsStandalone target not found
[Package Manager] Server::EnsureServerProcessIsRunning -- launch failed, reason: Unity was launched with the -noUpm command-line argument
[Package Manager] UpmClient::Send -- Unable to send message (not connected to UPM process).
[Package Manager] Cannot connect to Unity Package Manager local server
Mono: successfully reloaded assembly
- Finished resetting the current domain, in  0.605 seconds
Domain Reload Profiling: 1032ms
	BeginReloadAssembly (177ms)
		ExecutionOrderSort (0ms)
		DisableScriptedObjects (5ms)
		BackupInstance (0ms)
		ReleaseScriptingObjects (0ms)
		CreateAndSetChildDomain (35ms)
	RebuildCommonClasses (42ms)
	RebuildNativeTypeToScriptingClass (16ms)
	initialDomainReloadingComplete (48ms)
	LoadAllAssembliesAndSetupDomain (144ms)
		LoadAssemblies (232ms)
		RebuildTransferFunctionScriptingTraits (0ms)
		AnalyzeDomain (15ms)
			TypeCache.Refresh (7ms)
				TypeCache.ScanAssembly (1ms)
			ScanForSourceGeneratedMonoScriptInfo (5ms)
			ResolveRequiredComponents (3ms)
	FinalizeReload (605ms)
		ReleaseScriptCaches (0ms)
		RebuildScriptCaches (0ms)
		SetupLoadedEditorAssemblies (258ms)
			LogAssemblyErrors (0ms)
			InitializePlatformSupportModulesInManaged (4ms)
			SetLoadedEditorAssemblies (3ms)
			RefreshPlugins (0ms)
			BeforeProcessingInitializeOnLoad (43ms)
			ProcessInitializeOnLoadAttributes (192ms)
			ProcessInitializeOnLoadMethodAttributes (13ms)
			AfterProcessingInitializeOnLoad (3ms)
			EditorAssembliesLoaded (0ms)
		ExecutionOrderSort2 (0ms)
		AwakeInstancesAfterBackupRestoration (5ms)
Refreshing native plugins compatible for Editor in 1.46 ms, found 3 plugins.
Preloading 0 native plugins for Editor in 0.00 ms.
Unloading 3200 Unused Serialized files (Serialized files now loaded: 0)
Unloading 51 unused Assets / (12.3 MB). Loaded Objects now: 3669.
Memory consumption went from 157.2 MB to 144.8 MB.
Total: 2.398200 ms (FindLiveObjects: 0.143400 ms CreateObjectMapping: 0.063100 ms MarkObjects: 1.562400 ms  DeleteObjects: 0.628600 ms)

Prepare: number of updated asset objects reloaded= 0
AssetImportParameters requested are different than current active one (requested -> active):
  custom:scripting/monoscript/fileName/GameBuffsInitializer.cs: 60ac0a251d024a0aa76a92007c7f7904 -> 54e40780b7a4f41e0eb0a3cf8307ff4a
  custom:container-demuxer-ogg: 62fdf1f143b41e24485cea50d1cbac27 -> 
  custom:video-codec-MediaFoundation-h265: 746d11721c4dcdbdad8f713fa42b33f4 -> 
  custom:video-decoder-ogg-theora: a1e56fd34408186e4bbccfd4996cb3dc -> 
  custom:framework-win-MediaFoundation: 216162199b28c13a410421893ffa2e32 -> 
  custom:CustomObjectIndexerAttribute: 756ad292c208cfabdd7b50bc23989ffe -> 
  custom:container-demuxer-webm: 4f35f7cbe854078d1ac9338744f61a02 -> 
  custom:container-muxer-webm: aa71ff27fc2769a1b78a27578f13a17b -> 
  custom:video-decoder-webm-vp8: 9c59270c3fd7afecdb556c50c9e8de78 -> 
  custom:SearchIndexIgnoredProperties: e643bd26f0fe6173181afceb89e7c659 -> 
  custom:AudioImporter_EditorPlatform: d09bf68614088b80899f8185d706f6e7 -> 
  custom:video-encoder-webm-vp8: eb34c28f22e8b96e1ab97ce403110664 -> 
  custom:audio-decoder-ogg-vorbis: bf7c407c2cedff20999df2af8eb42d56 -> 
  custom:scripting/monoscript/fileName/RotateCamera.cs: b4ebab61f19186bced7daca51960221b -> 98ccf3939531c531b9303e44cbedd54a
  custom:audio-encoder-webm-vorbis: bf7c407c2cedff20999df2af8eb42d56 -> 
========================================================================
Received Prepare
Begin MonoManager ReloadAssembly
- Loaded All Assemblies, in  0.282 seconds
Refreshing native plugins compatible for Editor in 1.52 ms, found 3 plugins.
Native extension for WindowsStandalone target not found
[Package Manager] Server::EnsureServerProcessIsRunning -- launch failed, reason: Unity was launched with the -noUpm command-line argument
[Package Manager] UpmClient::Send -- Unable to send message (not connected to UPM process).
[Package Manager] Cannot connect to Unity Package Manager local server
Mono: successfully reloaded assembly
- Finished resetting the current domain, in  0.601 seconds
Domain Reload Profiling: 881ms
	BeginReloadAssembly (100ms)
		ExecutionOrderSort (0ms)
		DisableScriptedObjects (4ms)
		BackupInstance (0ms)
		ReleaseScriptingObjects (0ms)
		CreateAndSetChildDomain (20ms)
	RebuildCommonClasses (20ms)
	RebuildNativeTypeToScriptingClass (7ms)
	initialDomainReloadingComplete (20ms)
	LoadAllAssembliesAndSetupDomain (134ms)
		LoadAssemblies (172ms)
		RebuildTransferFunctionScriptingTraits (0ms)
		AnalyzeDomain (15ms)
			TypeCache.Refresh (7ms)
				TypeCache.ScanAssembly (1ms)
			ScanForSourceGeneratedMonoScriptInfo (5ms)
			ResolveRequiredComponents (2ms)
	FinalizeReload (601ms)
		ReleaseScriptCaches (0ms)
		RebuildScriptCaches (0ms)
		SetupLoadedEditorAssemblies (260ms)
			LogAssemblyErrors (0ms)
			InitializePlatformSupportModulesInManaged (4ms)
			SetLoadedEditorAssemblies (3ms)
			RefreshPlugins (0ms)
			BeforeProcessingInitializeOnLoad (43ms)
			ProcessInitializeOnLoadAttributes (193ms)
			ProcessInitializeOnLoadMethodAttributes (13ms)
			AfterProcessingInitializeOnLoad (4ms)
			EditorAssembliesLoaded (0ms)
		ExecutionOrderSort2 (0ms)
		AwakeInstancesAfterBackupRestoration (5ms)
Refreshing native plugins compatible for Editor in 1.64 ms, found 3 plugins.
Preloading 0 native plugins for Editor in 0.00 ms.
Unloading 3200 Unused Serialized files (Serialized files now loaded: 0)
Unloading 51 unused Assets / (12.4 MB). Loaded Objects now: 3672.
Memory consumption went from 159.2 MB to 146.8 MB.
Total: 2.382300 ms (FindLiveObjects: 0.140100 ms CreateObjectMapping: 0.058200 ms MarkObjects: 1.550100 ms  DeleteObjects: 0.632800 ms)

Prepare: number of updated asset objects reloaded= 0
AssetImportParameters requested are different than current active one (requested -> active):
  custom:scripting/monoscript/fileName/GameBuffsInitializer.cs: 60ac0a251d024a0aa76a92007c7f7904 -> 54e40780b7a4f41e0eb0a3cf8307ff4a
  custom:container-demuxer-ogg: 62fdf1f143b41e24485cea50d1cbac27 -> 
  custom:video-codec-MediaFoundation-h265: 746d11721c4dcdbdad8f713fa42b33f4 -> 
  custom:video-decoder-ogg-theora: a1e56fd34408186e4bbccfd4996cb3dc -> 
  custom:framework-win-MediaFoundation: 216162199b28c13a410421893ffa2e32 -> 
  custom:CustomObjectIndexerAttribute: 756ad292c208cfabdd7b50bc23989ffe -> 
  custom:container-demuxer-webm: 4f35f7cbe854078d1ac9338744f61a02 -> 
  custom:container-muxer-webm: aa71ff27fc2769a1b78a27578f13a17b -> 
  custom:video-decoder-webm-vp8: 9c59270c3fd7afecdb556c50c9e8de78 -> 
  custom:SearchIndexIgnoredProperties: e643bd26f0fe6173181afceb89e7c659 -> 
  custom:AudioImporter_EditorPlatform: d09bf68614088b80899f8185d706f6e7 -> 
  custom:video-encoder-webm-vp8: eb34c28f22e8b96e1ab97ce403110664 -> 
  custom:audio-decoder-ogg-vorbis: bf7c407c2cedff20999df2af8eb42d56 -> 
  custom:scripting/monoscript/fileName/RotateCamera.cs: b4ebab61f19186bced7daca51960221b -> 98ccf3939531c531b9303e44cbedd54a
  custom:audio-encoder-webm-vorbis: bf7c407c2cedff20999df2af8eb42d56 -> 
========================================================================
Received Import Request.
  Time since last request: 1153.823475 seconds.
  path: Assets/Imported Assets/Game Buffs/Free Realistic Textures/Textures/Rocky_Ground_15/Rocky_Ground_15_Mask.png
  artifactKey: Guid(74e4afd6b8d13e24f812d2633730a457) Importer(815301076,1909f56bfc062723c751e8b465ee728b)
Start importing Assets/Imported Assets/Game Buffs/Free Realistic Textures/Textures/Rocky_Ground_15/Rocky_Ground_15_Mask.png using Guid(74e4afd6b8d13e24f812d2633730a457) Importer(815301076,1909f56bfc062723c751e8b465ee728b)  -> (artifact id: 'a06a220ce0b1fa7c01b95c1fd70e7898') in 0.064771 seconds
Number of updated asset objects reloaded before import = 0
Number of asset objects unloaded after import = 2
========================================================================
Received Import Request.
  Time since last request: 133.041115 seconds.
  path: Assets/Imported Assets/Game Buffs/Free Realistic Textures/Textures/Mixed_Snow_1/Mixed_Snow_1_Roughness.png
  artifactKey: Guid(b7ae750a45d29f6459e3e154dd93064b) Importer(815301076,1909f56bfc062723c751e8b465ee728b)
Start importing Assets/Imported Assets/Game Buffs/Free Realistic Textures/Textures/Mixed_Snow_1/Mixed_Snow_1_Roughness.png using Guid(b7ae750a45d29f6459e3e154dd93064b) Importer(815301076,1909f56bfc062723c751e8b465ee728b)  -> (artifact id: 'fde81b9556e0ba5604c69698729f8398') in 0.020251 seconds
Number of updated asset objects reloaded before import = 0
Number of asset objects unloaded after import = 2
========================================================================
Received Import Request.
  Time since last request: 0.375728 seconds.
  path: Assets/Imported Assets/Game Buffs/Free Realistic Textures/Textures/Rough_Rock_1/Rough_Rock_1_Height.png
  artifactKey: Guid(724a2cd713b87dc43ba59a75f1fa4a07) Importer(815301076,1909f56bfc062723c751e8b465ee728b)
Start importing Assets/Imported Assets/Game Buffs/Free Realistic Textures/Textures/Rough_Rock_1/Rough_Rock_1_Height.png using Guid(724a2cd713b87dc43ba59a75f1fa4a07) Importer(815301076,1909f56bfc062723c751e8b465ee728b)  -> (artifact id: '1e4a984c5840eb3b228460f7cc0fe165') in 0.033403 seconds
Number of updated asset objects reloaded before import = 0
Number of asset objects unloaded after import = 2
========================================================================
Received Import Request.
  Time since last request: 0.000016 seconds.
  path: Assets/Imported Assets/Game Buffs/Free Realistic Textures/Textures/Rough_Rock_1/Rough_Rock_1_Normal.png
  artifactKey: Guid(e78f129c4c7b06f43874f7f75c622774) Importer(815301076,1909f56bfc062723c751e8b465ee728b)
Start importing Assets/Imported Assets/Game Buffs/Free Realistic Textures/Textures/Rough_Rock_1/Rough_Rock_1_Normal.png using Guid(e78f129c4c7b06f43874f7f75c622774) Importer(815301076,1909f56bfc062723c751e8b465ee728b)  -> (artifact id: 'fa6e7bb3d2f71547222057902ec24fe0') in 0.049213 seconds
Number of updated asset objects reloaded before import = 0
Number of asset objects unloaded after import = 2
Editor requested this worker to shutdown with reason: Scaling down because of idle timeout
TcpMessagingSession - receive error: operation aborted. errorcode: 995, details: The I/O operation has been aborted because of either a thread exit or an application request.
AssetImportWorker is now disconnected from the server
Process exiting
Exiting without the bug reporter. Application will terminate with return code 0