Using pre-set license
Built from '2022.3/release' branch; Version is '2022.3.12f1 (4fe6e059c7ef) revision 5236448'; Using compiler version '192829333'; Build Type 'Release'
OS: 'Windows 11  (10.0.22631) 64bit Core' Language: 'en' Physical Memory: 32581 MB
BatchMode: 1, IsHumanControllingUs: 0, StartBugReporterOnCrash: 0, Is64bit: 1, IsPro: 1

COMMAND LINE ARGUMENTS:
C:\Program Files\Unity\Hub\Editor\2022.3.12f1\Editor\Unity.exe
-adb2
-batchMode
-noUpm
-name
AssetImportWorker0
-projectPath
C:/Users/james/OneDrive/Documents/Uni Work/FMPrestart/FMP
-logFile
Logs/AssetImportWorker0.log
-srvPort
59886
Successfully changed project path to: C:/Users/james/OneDrive/Documents/Uni Work/FMPrestart/FMP
C:/Users/james/OneDrive/Documents/Uni Work/FMPrestart/FMP
[UnityMemory] Configuration Parameters - Can be set up in boot.config
    "memorysetup-bucket-allocator-granularity=16"
    "memorysetup-bucket-allocator-bucket-count=8"
    "memorysetup-bucket-allocator-block-size=33554432"
    "memorysetup-bucket-allocator-block-count=8"
    "memorysetup-main-allocator-block-size=16777216"
    "memorysetup-thread-allocator-block-size=16777216"
    "memorysetup-gfx-main-allocator-block-size=16777216"
    "memorysetup-gfx-thread-allocator-block-size=16777216"
    "memorysetup-cache-allocator-block-size=4194304"
    "memorysetup-typetree-allocator-block-size=2097152"
    "memorysetup-profiler-bucket-allocator-granularity=16"
    "memorysetup-profiler-bucket-allocator-bucket-count=8"
    "memorysetup-profiler-bucket-allocator-block-size=33554432"
    "memorysetup-profiler-bucket-allocator-block-count=8"
    "memorysetup-profiler-allocator-block-size=16777216"
    "memorysetup-profiler-editor-allocator-block-size=1048576"
    "memorysetup-temp-allocator-size-main=16777216"
    "memorysetup-job-temp-allocator-block-size=2097152"
    "memorysetup-job-temp-allocator-block-size-background=1048576"
    "memorysetup-job-temp-allocator-reduction-small-platforms=262144"
    "memorysetup-allocator-temp-initial-block-size-main=262144"
    "memorysetup-allocator-temp-initial-block-size-worker=262144"
    "memorysetup-temp-allocator-size-background-worker=32768"
    "memorysetup-temp-allocator-size-job-worker=262144"
    "memorysetup-temp-allocator-size-preload-manager=33554432"
    "memorysetup-temp-allocator-size-nav-mesh-worker=65536"
    "memorysetup-temp-allocator-size-audio-worker=65536"
    "memorysetup-temp-allocator-size-cloud-worker=32768"
    "memorysetup-temp-allocator-size-gi-baking-worker=262144"
    "memorysetup-temp-allocator-size-gfx=262144"
Player connection [17744] Host "[IP] 192.168.1.182 [Port] 0 [Flags] 2 [Guid] 108770478 [EditorId] 108770478 [Version] 1048832 [Id] WindowsEditor(7,James_PC) [Debug] 1 [PackageName] WindowsEditor [ProjectName] Editor" joined multi-casting on [225.0.0.222:54997]...

Player connection [17744] Host "[IP] 192.168.1.182 [Port] 0 [Flags] 2 [Guid] 108770478 [EditorId] 108770478 [Version] 1048832 [Id] WindowsEditor(7,James_PC) [Debug] 1 [PackageName] WindowsEditor [ProjectName] Editor" joined alternative multi-casting on [225.0.0.222:34997]...

[Physics::Module] Initialized MultithreadedJobDispatcher with 19 workers.
Refreshing native plugins compatible for Editor in 5.64 ms, found 3 plugins.
Preloading 0 native plugins for Editor in 0.00 ms.
Initialize engine version: 2022.3.12f1 (4fe6e059c7ef)
[Subsystems] Discovering subsystems at path C:/Program Files/Unity/Hub/Editor/2022.3.12f1/Editor/Data/Resources/UnitySubsystems
[Subsystems] Discovering subsystems at path C:/Users/james/OneDrive/Documents/Uni Work/FMPrestart/FMP/Assets
GfxDevice: creating device client; threaded=0; jobified=0
Direct3D:
    Version:  Direct3D 11.0 [level 11.1]
    Renderer: NVIDIA GeForce RTX 4070 SUPER (ID=0x2783)
    Vendor:   NVIDIA
    VRAM:     11999 MB
    Driver:   31.0.15.5176
Initialize mono
Mono path[0] = 'C:/Program Files/Unity/Hub/Editor/2022.3.12f1/Editor/Data/Managed'
Mono path[1] = 'C:/Program Files/Unity/Hub/Editor/2022.3.12f1/Editor/Data/MonoBleedingEdge/lib/mono/unityjit-win32'
Mono config path = 'C:/Program Files/Unity/Hub/Editor/2022.3.12f1/Editor/Data/MonoBleedingEdge/etc'
Using monoOptions --debugger-agent=transport=dt_socket,embedding=1,server=y,suspend=n,address=127.0.0.1:56184
Begin MonoManager ReloadAssembly
Registering precompiled unity dll's ...
Register platform support module: C:/Program Files/Unity/Hub/Editor/2022.3.12f1/Editor/Data/PlaybackEngines/WindowsStandaloneSupport/UnityEditor.WindowsStandalone.Extensions.dll
Registered in 0.003761 seconds.
- Loaded All Assemblies, in  0.344 seconds
Native extension for WindowsStandalone target not found
Mono: successfully reloaded assembly
- Finished resetting the current domain, in  0.189 seconds
Domain Reload Profiling: 533ms
	BeginReloadAssembly (133ms)
		ExecutionOrderSort (0ms)
		DisableScriptedObjects (0ms)
		BackupInstance (0ms)
		ReleaseScriptingObjects (0ms)
		CreateAndSetChildDomain (1ms)
	RebuildCommonClasses (29ms)
	RebuildNativeTypeToScriptingClass (7ms)
	initialDomainReloadingComplete (42ms)
	LoadAllAssembliesAndSetupDomain (133ms)
		LoadAssemblies (132ms)
		RebuildTransferFunctionScriptingTraits (0ms)
		AnalyzeDomain (131ms)
			TypeCache.Refresh (130ms)
				TypeCache.ScanAssembly (116ms)
			ScanForSourceGeneratedMonoScriptInfo (0ms)
			ResolveRequiredComponents (0ms)
	FinalizeReload (190ms)
		ReleaseScriptCaches (0ms)
		RebuildScriptCaches (0ms)
		SetupLoadedEditorAssemblies (146ms)
			LogAssemblyErrors (0ms)
			InitializePlatformSupportModulesInManaged (6ms)
			SetLoadedEditorAssemblies (5ms)
			RefreshPlugins (0ms)
			BeforeProcessingInitializeOnLoad (1ms)
			ProcessInitializeOnLoadAttributes (89ms)
			ProcessInitializeOnLoadMethodAttributes (44ms)
			AfterProcessingInitializeOnLoad (0ms)
			EditorAssembliesLoaded (0ms)
		ExecutionOrderSort2 (0ms)
		AwakeInstancesAfterBackupRestoration (0ms)
========================================================================
Worker process is ready to serve import requests
Begin MonoManager ReloadAssembly
- Loaded All Assemblies, in  0.576 seconds
Refreshing native plugins compatible for Editor in 2.17 ms, found 3 plugins.
Native extension for WindowsStandalone target not found
Package Manager log level set to [2]
[Package Manager] Server::EnsureServerProcessIsRunning -- launch failed, reason: Unity was launched with the -noUpm command-line argument
[Package Manager] UpmClient::Send -- Unable to send message (not connected to UPM process).
[Package Manager] Cannot connect to Unity Package Manager local server
Mono: successfully reloaded assembly
- Finished resetting the current domain, in  0.381 seconds
Domain Reload Profiling: 955ms
	BeginReloadAssembly (118ms)
		ExecutionOrderSort (0ms)
		DisableScriptedObjects (3ms)
		BackupInstance (0ms)
		ReleaseScriptingObjects (0ms)
		CreateAndSetChildDomain (13ms)
	RebuildCommonClasses (21ms)
	RebuildNativeTypeToScriptingClass (6ms)
	initialDomainReloadingComplete (28ms)
	LoadAllAssembliesAndSetupDomain (401ms)
		LoadAssemblies (303ms)
		RebuildTransferFunctionScriptingTraits (0ms)
		AnalyzeDomain (171ms)
			TypeCache.Refresh (153ms)
				TypeCache.ScanAssembly (140ms)
			ScanForSourceGeneratedMonoScriptInfo (12ms)
			ResolveRequiredComponents (5ms)
	FinalizeReload (381ms)
		ReleaseScriptCaches (0ms)
		RebuildScriptCaches (0ms)
		SetupLoadedEditorAssemblies (281ms)
			LogAssemblyErrors (0ms)
			InitializePlatformSupportModulesInManaged (4ms)
			SetLoadedEditorAssemblies (3ms)
			RefreshPlugins (0ms)
			BeforeProcessingInitializeOnLoad (39ms)
			ProcessInitializeOnLoadAttributes (218ms)
			ProcessInitializeOnLoadMethodAttributes (14ms)
			AfterProcessingInitializeOnLoad (3ms)
			EditorAssembliesLoaded (0ms)
		ExecutionOrderSort2 (0ms)
		AwakeInstancesAfterBackupRestoration (4ms)
Launched and connected shader compiler UnityShaderCompiler.exe after 0.05 seconds
Refreshing native plugins compatible for Editor in 2.95 ms, found 3 plugins.
Preloading 0 native plugins for Editor in 0.00 ms.
Unloading 3207 Unused Serialized files (Serialized files now loaded: 0)
Unloading 36 unused Assets / (346.6 KB). Loaded Objects now: 3687.
Memory consumption went from 152.7 MB to 152.4 MB.
Total: 2.697600 ms (FindLiveObjects: 0.160300 ms CreateObjectMapping: 0.093500 ms MarkObjects: 2.313000 ms  DeleteObjects: 0.129900 ms)

AssetImportParameters requested are different than current active one (requested -> active):
  custom:container-demuxer-ogg: 62fdf1f143b41e24485cea50d1cbac27 -> 
  custom:video-codec-MediaFoundation-h265: 746d11721c4dcdbdad8f713fa42b33f4 -> 
  custom:video-decoder-ogg-theora: a1e56fd34408186e4bbccfd4996cb3dc -> 
  custom:framework-win-MediaFoundation: 216162199b28c13a410421893ffa2e32 -> 
  custom:CustomObjectIndexerAttribute: 756ad292c208cfabdd7b50bc23989ffe -> 
  custom:container-demuxer-webm: 4f35f7cbe854078d1ac9338744f61a02 -> 
  custom:container-muxer-webm: aa71ff27fc2769a1b78a27578f13a17b -> 
  custom:video-decoder-webm-vp8: 9c59270c3fd7afecdb556c50c9e8de78 -> 
  custom:SearchIndexIgnoredProperties: e643bd26f0fe6173181afceb89e7c659 -> 
  custom:AudioImporter_EditorPlatform: d09bf68614088b80899f8185d706f6e7 -> 
  custom:video-encoder-webm-vp8: eb34c28f22e8b96e1ab97ce403110664 -> 
  custom:audio-decoder-ogg-vorbis: bf7c407c2cedff20999df2af8eb42d56 -> 
  custom:audio-encoder-webm-vorbis: bf7c407c2cedff20999df2af8eb42d56 -> 
========================================================================
Received Import Request.
  Time since last request: 77955.385271 seconds.
  path: Assets/Imported Assets/Materials
  artifactKey: Guid(ff0693436107cb64daffd6af9f73de93) Importer(815301076,1909f56bfc062723c751e8b465ee728b)
Start importing Assets/Imported Assets/Materials using Guid(ff0693436107cb64daffd6af9f73de93) Importer(815301076,1909f56bfc062723c751e8b465ee728b)  -> (artifact id: '60cd2a8ed0e976477d842fc0bc8d601a') in 0.002191 seconds
Number of updated asset objects reloaded before import = 0
Number of asset objects unloaded after import = 0
========================================================================
Received Import Request.
  Time since last request: 10.394055 seconds.
  path: Assets/Imported Assets/LowPolyBarriersPackFree
  artifactKey: Guid(a24c6b4399a9ee549b3ebd1616761242) Importer(815301076,1909f56bfc062723c751e8b465ee728b)
Start importing Assets/Imported Assets/LowPolyBarriersPackFree using Guid(a24c6b4399a9ee549b3ebd1616761242) Importer(815301076,1909f56bfc062723c751e8b465ee728b)  -> (artifact id: '6bd75c63e32c53df0c65e0b9afcdec81') in 0.000365 seconds
Number of updated asset objects reloaded before import = 0
Number of asset objects unloaded after import = 0
========================================================================
Received Import Request.
  Time since last request: 6.681901 seconds.
  path: Assets/Imported Assets/LowPolyBarriersPackFree/BarriersAssets/Prefabs/WoodenBarriers/WoodenBarrier_09_v1.prefab
  artifactKey: Guid(4d77b47f753caf24493215b264f25ad6) Importer(815301076,1909f56bfc062723c751e8b465ee728b)
Start importing Assets/Imported Assets/LowPolyBarriersPackFree/BarriersAssets/Prefabs/WoodenBarriers/WoodenBarrier_09_v1.prefab using Guid(4d77b47f753caf24493215b264f25ad6) Importer(815301076,1909f56bfc062723c751e8b465ee728b)  -> (artifact id: '0a929f74aa44f622ed476fedb2df55ab') in 0.079791 seconds
Number of updated asset objects reloaded before import = 0
Number of asset objects unloaded after import = 10
========================================================================
Received Import Request.
  Time since last request: 0.567788 seconds.
  path: Assets/Imported Assets/LowPolyBarriersPackFree/BarriersAssets/Prefabs/WoodenBarriers/WoodenPlankBarrier_14_v1.prefab
  artifactKey: Guid(3318a0dcc90627d4394e56a36f632ee6) Importer(815301076,1909f56bfc062723c751e8b465ee728b)
Start importing Assets/Imported Assets/LowPolyBarriersPackFree/BarriersAssets/Prefabs/WoodenBarriers/WoodenPlankBarrier_14_v1.prefab using Guid(3318a0dcc90627d4394e56a36f632ee6) Importer(815301076,1909f56bfc062723c751e8b465ee728b)  -> (artifact id: '663e66c162de0a485409605a2912770f') in 0.012734 seconds
Number of updated asset objects reloaded before import = 0
Number of asset objects unloaded after import = 10
========================================================================
Received Import Request.
  Time since last request: 2.831860 seconds.
  path: Assets/Imported Assets/LowPolyBarriersPackFree/BarriersAssets/Prefabs/WoodenBarriers/WoodenBarrierParts/SingleLog_09_v1.prefab
  artifactKey: Guid(c61730e7e4ed08945ac03d38e89efc05) Importer(815301076,1909f56bfc062723c751e8b465ee728b)
Start importing Assets/Imported Assets/LowPolyBarriersPackFree/BarriersAssets/Prefabs/WoodenBarriers/WoodenBarrierParts/SingleLog_09_v1.prefab using Guid(c61730e7e4ed08945ac03d38e89efc05) Importer(815301076,1909f56bfc062723c751e8b465ee728b)  -> (artifact id: 'ca01d09efa87b0377805fc48650fb515') in 0.018326 seconds
Number of updated asset objects reloaded before import = 0
Number of asset objects unloaded after import = 10
========================================================================
Received Import Request.
  Time since last request: 0.452929 seconds.
  path: Assets/Imported Assets/LowPolyBarriersPackFree/BarriersAssets/Prefabs/WoodenBarriers/WoodenBarrierParts/SingleSmallLog_12_v2.prefab
  artifactKey: Guid(cc63051a86d7809439fa2c77c482e68d) Importer(815301076,1909f56bfc062723c751e8b465ee728b)
Start importing Assets/Imported Assets/LowPolyBarriersPackFree/BarriersAssets/Prefabs/WoodenBarriers/WoodenBarrierParts/SingleSmallLog_12_v2.prefab using Guid(cc63051a86d7809439fa2c77c482e68d) Importer(815301076,1909f56bfc062723c751e8b465ee728b)  -> (artifact id: '6857900e4e50654d7c161353b58fb11e') in 0.012081 seconds
Number of updated asset objects reloaded before import = 0
Number of asset objects unloaded after import = 10
========================================================================
Received Import Request.
  Time since last request: 0.427786 seconds.
  path: Assets/Imported Assets/LowPolyBarriersPackFree/BarriersAssets/Prefabs/WoodenBarriers/WoodenBarrierParts/SingleWoodenPlank_13_v1.prefab
  artifactKey: Guid(55e1f79d8a468b24ab8480140b8e8a57) Importer(815301076,1909f56bfc062723c751e8b465ee728b)
Start importing Assets/Imported Assets/LowPolyBarriersPackFree/BarriersAssets/Prefabs/WoodenBarriers/WoodenBarrierParts/SingleWoodenPlank_13_v1.prefab using Guid(55e1f79d8a468b24ab8480140b8e8a57) Importer(815301076,1909f56bfc062723c751e8b465ee728b)  -> (artifact id: '3e715ff5eb7cc864566ddb43e2867d50') in 0.011406 seconds
Number of updated asset objects reloaded before import = 0
Number of asset objects unloaded after import = 10
========================================================================
Received Import Request.
  Time since last request: 267.013273 seconds.
  path: Assets/Imported Assets/WoodCrate/Images/WoodCrate_D.tif
  artifactKey: Guid(2a412bee788484af5b7a523281339ab2) Importer(815301076,1909f56bfc062723c751e8b465ee728b)
Start importing Assets/Imported Assets/WoodCrate/Images/WoodCrate_D.tif using Guid(2a412bee788484af5b7a523281339ab2) Importer(815301076,1909f56bfc062723c751e8b465ee728b)  -> (artifact id: '1be6c161dda57a3c5807dbd20ee391b0') in 0.027306 seconds
Number of updated asset objects reloaded before import = 0
Number of asset objects unloaded after import = 2
========================================================================
Received Import Request.
  Time since last request: 3.977747 seconds.
  path: Assets/Imported Assets/WoodCrate/WoodCrate.dae
  artifactKey: Guid(b0a9c34f8ad2c4c49988cbeb282fceec) Importer(815301076,1909f56bfc062723c751e8b465ee728b)
Start importing Assets/Imported Assets/WoodCrate/WoodCrate.dae using Guid(b0a9c34f8ad2c4c49988cbeb282fceec) Importer(815301076,1909f56bfc062723c751e8b465ee728b)  -> (artifact id: '02cab1a78bfc07847ae87fc600eca013') in 0.105453 seconds
Number of updated asset objects reloaded before import = 0
Number of asset objects unloaded after import = 11
========================================================================
Received Import Request.
  Time since last request: 89.376301 seconds.
  path: Assets/Imported Assets/Barrels
  artifactKey: Guid(5c5c6700f0dc37a409228cfa605af074) Importer(815301076,1909f56bfc062723c751e8b465ee728b)
Start importing Assets/Imported Assets/Barrels using Guid(5c5c6700f0dc37a409228cfa605af074) Importer(815301076,1909f56bfc062723c751e8b465ee728b)  -> (artifact id: 'b7a1f652777567f564001853ea47291b') in 0.000436 seconds
Number of updated asset objects reloaded before import = 0
Number of asset objects unloaded after import = 0
========================================================================
Received Import Request.
  Time since last request: 29.689385 seconds.
  path: Assets/Imported Assets/BlackSmith_Tools
  artifactKey: Guid(e1b86ddf9baa2d4448e478f0694a4862) Importer(815301076,1909f56bfc062723c751e8b465ee728b)
Start importing Assets/Imported Assets/BlackSmith_Tools using Guid(e1b86ddf9baa2d4448e478f0694a4862) Importer(815301076,1909f56bfc062723c751e8b465ee728b)  -> (artifact id: 'ddaaa16961a62dc928e182bd0e184957') in 0.000387 seconds
Number of updated asset objects reloaded before import = 0
Number of asset objects unloaded after import = 0
========================================================================
Received Import Request.
  Time since last request: 5.954546 seconds.
  path: Assets/Imported Assets/BlackSmith_Tools/Models/HammerA1.fbx
  artifactKey: Guid(80b8887fe277d2f4aaa6ef3a59e347ee) Importer(815301076,1909f56bfc062723c751e8b465ee728b)
Start importing Assets/Imported Assets/BlackSmith_Tools/Models/HammerA1.fbx using Guid(80b8887fe277d2f4aaa6ef3a59e347ee) Importer(815301076,1909f56bfc062723c751e8b465ee728b)  -> (artifact id: '50f8c58635b4c64c77b26f395f86072a') in 0.015577 seconds
Number of updated asset objects reloaded before import = 0
Number of asset objects unloaded after import = 8
========================================================================
Received Import Request.
  Time since last request: 1.181695 seconds.
  path: Assets/Imported Assets/BlackSmith_Tools/Models/anvilA1.fbx
  artifactKey: Guid(a5ba35198e685724baca75f5ad7d0c1d) Importer(815301076,1909f56bfc062723c751e8b465ee728b)
Start importing Assets/Imported Assets/BlackSmith_Tools/Models/anvilA1.fbx using Guid(a5ba35198e685724baca75f5ad7d0c1d) Importer(815301076,1909f56bfc062723c751e8b465ee728b)  -> (artifact id: '6ce49317e4863591d81ace078788e329') in 0.024484 seconds
Number of updated asset objects reloaded before import = 0
Number of asset objects unloaded after import = 20
========================================================================
Received Import Request.
  Time since last request: 357.143848 seconds.
  path: Assets/Imported Assets/BlackSmith_Tools/Prefab/HammerA1.prefab
  artifactKey: Guid(371e67b0b2e8c1049884ab7588a3167c) Importer(815301076,1909f56bfc062723c751e8b465ee728b)
Start importing Assets/Imported Assets/BlackSmith_Tools/Prefab/HammerA1.prefab using Guid(371e67b0b2e8c1049884ab7588a3167c) Importer(815301076,1909f56bfc062723c751e8b465ee728b)  -> (artifact id: '66a11b843b922f7c45d7032e0d775c12') in 0.014087 seconds
Number of updated asset objects reloaded before import = 0
Number of asset objects unloaded after import = 9
========================================================================
Received Import Request.
  Time since last request: 1.104497 seconds.
  path: Assets/Imported Assets/BlackSmith_Tools/Prefab/anvilA1.prefab
  artifactKey: Guid(0cb7d35eb65164244973f1ad629966f6) Importer(815301076,1909f56bfc062723c751e8b465ee728b)
Start importing Assets/Imported Assets/BlackSmith_Tools/Prefab/anvilA1.prefab using Guid(0cb7d35eb65164244973f1ad629966f6) Importer(815301076,1909f56bfc062723c751e8b465ee728b)  -> (artifact id: 'b2dcc48fc87cb167e4263afa39d1fddb') in 0.017009 seconds
Number of updated asset objects reloaded before import = 0
Number of asset objects unloaded after import = 21
